<?xml version="1.0" encoding="UTF-8"?>
<!-- Generated by org.testng.reporters.JUnitReportReporter -->
<testsuite hostname="DESKTOP-Q6V2744" failures="0" tests="1" name="tests.TestBase" time="0.133" errors="0" timestamp="2021-12-23T22:06:56 EET" skipped="0">
  <testcase classname="tests.TestBase" name="test" time="0.133"/>
  <system-out/>
</testsuite> <!-- tests.TestBase -->
