<?xml version="1.0" encoding="UTF-8"?>
<!-- Generated by org.testng.reporters.JUnitReportReporter -->
<testsuite hostname="DESKTOP-Q6V2744" failures="0" tests="2" name="tests.GoogleSearchTest" time="6.256" errors="0" timestamp="2021-12-26T23:50:49 EET" skipped="0">
  <testcase classname="tests.GoogleSearchTest" name="searchGoogle" time="2.661"/>
  <system-out/>
  <testcase classname="tests.GoogleSearchTest" name="countNumberOfResults" time="3.595"/>
  <system-out/>
</testsuite> <!-- tests.GoogleSearchTest -->
