<?xml version="1.0" encoding="UTF-8"?>
<!-- Generated by org.testng.reporters.JUnitReportReporter -->
<testsuite hostname="DESKTOP-Q6V2744" failures="0" tests="2" name="tests.GoogleSearchTest" time="5.258" errors="0" timestamp="2021-12-26T23:22:03 EET" skipped="0">
  <testcase classname="tests.GoogleSearchTest" name="searchGoogle" time="1.197"/>
  <system-out/>
  <testcase classname="tests.GoogleSearchTest" name="countNumberOfResults" time="4.061"/>
  <system-out/>
</testsuite> <!-- tests.GoogleSearchTest -->
