<?xml version="1.0" encoding="UTF-8"?>
<!-- Generated by org.testng.reporters.JUnitReportReporter -->
<testsuite hostname="DESKTOP-Q6V2744" failures="0" tests="2" name="tests.GoogleSearchTest" time="4.233" errors="0" timestamp="2021-12-26T22:54:25 EET" skipped="0">
  <testcase classname="tests.GoogleSearchTest" name="searchGoogle" time="1.323"/>
  <system-out/>
  <testcase classname="tests.GoogleSearchTest" name="countNumberOfResults" time="2.910"/>
  <system-out/>
</testsuite> <!-- tests.GoogleSearchTest -->
